生成启动时间为 2018/6/12 12:14:38。
     1>项目“c:\Users\maibenben\documents\visual studio 2012\Projects\1_类的组合\1_类的组合\1_类的组合.vcxproj”在节点 2 上(Build 个目标)。
     1>ClCompile:
         D:\软件\VS2012\VC\bin\CL.exe /c /ZI /nologo /W3 /WX- /sdl /Od /Oy- /D WIN32 /D _DEBUG /D _CONSOLE /D _UNICODE /D UNICODE /Gm /EHsc /RTC1 /MDd /GS /fp:precise /Zc:wchar_t /Zc:forScope /Yc"stdafx.h" /Fp"Debug\1_类的组合.pch" /Fo"Debug\\" /Fd"Debug\vc110.pdb" /Gd /TP /analyze- /errorReport:prompt stdafx.cpp
         stdafx.cpp
         D:\软件\VS2012\VC\bin\CL.exe /c /ZI /nologo /W3 /WX- /sdl /Od /Oy- /D WIN32 /D _DEBUG /D _CONSOLE /D _UNICODE /D UNICODE /Gm /EHsc /RTC1 /MDd /GS /fp:precise /Zc:wchar_t /Zc:forScope /Yu"stdafx.h" /Fp"Debug\1_类的组合.pch" /Fo"Debug\\" /Fd"Debug\vc110.pdb" /Gd /TP /analyze- /errorReport:prompt "1_类的组合.cpp"
         1_类的组合.cpp
     1>c:\users\maibenben\documents\visual studio 2012\projects\1_类的组合\1_类的组合\1_类的组合.cpp(32): warning C4244: “=”: 从“int”转换到“float”，可能丢失数据
     1>c:\users\maibenben\documents\visual studio 2012\projects\1_类的组合\1_类的组合\1_类的组合.cpp(36): warning C4244: “=”: 从“int”转换到“float”，可能丢失数据
     1>c:\users\maibenben\documents\visual studio 2012\projects\1_类的组合\1_类的组合\1_类的组合.cpp(60): warning C4244: “参数”: 从“float”转换到“int”，可能丢失数据
     1>c:\users\maibenben\documents\visual studio 2012\projects\1_类的组合\1_类的组合\1_类的组合.cpp(61): warning C4244: “参数”: 从“float”转换到“int”，可能丢失数据
     1>c:\users\maibenben\documents\visual studio 2012\projects\1_类的组合\1_类的组合\1_类的组合.cpp(62): warning C4244: “参数”: 从“float”转换到“int”，可能丢失数据
     1>c:\users\maibenben\documents\visual studio 2012\projects\1_类的组合\1_类的组合\1_类的组合.cpp(63): warning C4244: “参数”: 从“float”转换到“int”，可能丢失数据
       Link:
         D:\软件\VS2012\VC\bin\link.exe /ERRORREPORT:PROMPT /OUT:"c:\users\maibenben\documents\visual studio 2012\Projects\1_类的组合\Debug\1_类的组合.exe" /INCREMENTAL /NOLOGO kernel32.lib user32.lib gdi32.lib winspool.lib comdlg32.lib advapi32.lib shell32.lib ole32.lib oleaut32.lib uuid.lib odbc32.lib odbccp32.lib /MANIFEST /MANIFESTUAC:"level='asInvoker' uiAccess='false'" /manifest:embed /DEBUG /PDB:"c:\users\maibenben\documents\visual studio 2012\Projects\1_类的组合\Debug\1_类的组合.pdb" /SUBSYSTEM:CONSOLE /TLBID:1 /DYNAMICBASE /NXCOMPAT /IMPLIB:"c:\users\maibenben\documents\visual studio 2012\Projects\1_类的组合\Debug\1_类的组合.lib" /MACHINE:X86 "Debug\1_类的组合.obj"
         Debug\stdafx.obj
         1_类的组合.vcxproj -> c:\users\maibenben\documents\visual studio 2012\Projects\1_类的组合\Debug\1_类的组合.exe
     1>已完成生成项目“c:\Users\maibenben\documents\visual studio 2012\Projects\1_类的组合\1_类的组合\1_类的组合.vcxproj”(Build 个目标)的操作。

生成成功。

已用时间 00:00:01.49
