生成启动时间为 2018/6/12 12:27:36。
     1>项目“c:\Users\maibenben\documents\visual studio 2012\Projects\8_虚函数和抽象类\8_虚函数和抽象类\8_虚函数和抽象类.vcxproj”在节点 2 上(Build 个目标)。
     1>ClCompile:
         D:\软件\VS2012\VC\bin\CL.exe /c /ZI /nologo /W3 /WX- /sdl /Od /Oy- /D WIN32 /D _DEBUG /D _CONSOLE /D _UNICODE /D UNICODE /Gm /EHsc /RTC1 /MDd /GS /fp:precise /Zc:wchar_t /Zc:forScope /Yc"stdafx.h" /Fp"Debug\8_虚函数和抽象类.pch" /Fo"Debug\\" /Fd"Debug\vc110.pdb" /Gd /TP /analyze- /errorReport:prompt stdafx.cpp
         stdafx.cpp
         D:\软件\VS2012\VC\bin\CL.exe /c /ZI /nologo /W3 /WX- /sdl /Od /Oy- /D WIN32 /D _DEBUG /D _CONSOLE /D _UNICODE /D UNICODE /Gm /EHsc /RTC1 /MDd /GS /fp:precise /Zc:wchar_t /Zc:forScope /Yu"stdafx.h" /Fp"Debug\8_虚函数和抽象类.pch" /Fo"Debug\\" /Fd"Debug\vc110.pdb" /Gd /TP /analyze- /errorReport:prompt "8_虚函数和抽象类.cpp"
         8_虚函数和抽象类.cpp
     1>c:\users\maibenben\documents\visual studio 2012\projects\8_虚函数和抽象类\8_虚函数和抽象类\8_虚函数和抽象类.cpp(68): warning C4244: “return”: 从“double”转换到“float”，可能丢失数据
                 c:\users\maibenben\documents\visual studio 2012\projects\8_虚函数和抽象类\8_虚函数和抽象类\8_虚函数和抽象类.cpp(67): 编译类 模板 成员函数“float circle<T>::area(void)”时
                 with
                 [
                     T=float
                 ]
                 c:\users\maibenben\documents\visual studio 2012\projects\8_虚函数和抽象类\8_虚函数和抽象类\8_虚函数和抽象类.cpp(115): 参见对正在编译的类 模板 实例化“circle<T>”的引用
                 with
                 [
                     T=float
                 ]
     1>c:\users\maibenben\documents\visual studio 2012\projects\8_虚函数和抽象类\8_虚函数和抽象类\8_虚函数和抽象类.cpp(97): warning C4244: “return”: 从“double”转换到“float”，可能丢失数据
                 c:\users\maibenben\documents\visual studio 2012\projects\8_虚函数和抽象类\8_虚函数和抽象类\8_虚函数和抽象类.cpp(96): 编译类 模板 成员函数“float cylinder<T>::area(void)”时
                 with
                 [
                     T=float
                 ]
                 c:\users\maibenben\documents\visual studio 2012\projects\8_虚函数和抽象类\8_虚函数和抽象类\8_虚函数和抽象类.cpp(116): 参见对正在编译的类 模板 实例化“cylinder<T>”的引用
                 with
                 [
                     T=float
                 ]
       Link:
         D:\软件\VS2012\VC\bin\link.exe /ERRORREPORT:PROMPT /OUT:"c:\users\maibenben\documents\visual studio 2012\Projects\8_虚函数和抽象类\Debug\8_虚函数和抽象类.exe" /INCREMENTAL /NOLOGO kernel32.lib user32.lib gdi32.lib winspool.lib comdlg32.lib advapi32.lib shell32.lib ole32.lib oleaut32.lib uuid.lib odbc32.lib odbccp32.lib /MANIFEST /MANIFESTUAC:"level='asInvoker' uiAccess='false'" /manifest:embed /DEBUG /PDB:"c:\users\maibenben\documents\visual studio 2012\Projects\8_虚函数和抽象类\Debug\8_虚函数和抽象类.pdb" /SUBSYSTEM:CONSOLE /TLBID:1 /DYNAMICBASE /NXCOMPAT /IMPLIB:"c:\users\maibenben\documents\visual studio 2012\Projects\8_虚函数和抽象类\Debug\8_虚函数和抽象类.lib" /MACHINE:X86 "Debug\8_虚函数和抽象类.obj"
         Debug\stdafx.obj
         8_虚函数和抽象类.vcxproj -> c:\users\maibenben\documents\visual studio 2012\Projects\8_虚函数和抽象类\Debug\8_虚函数和抽象类.exe
     1>已完成生成项目“c:\Users\maibenben\documents\visual studio 2012\Projects\8_虚函数和抽象类\8_虚函数和抽象类\8_虚函数和抽象类.vcxproj”(Build 个目标)的操作。

生成成功。

已用时间 00:00:00.84
