生成启动时间为 2018/10/17 12:46:11。
     1>项目“C:\Users\MAIBENBEN\documents\visual studio 2012\Projects\线性链表\线性链表\线性链表.vcxproj”在节点 2 上(Build 个目标)。
     1>ClCompile:
         D:\软件\VS2012\VC\bin\CL.exe /c /ZI /nologo /W3 /WX- /Od /Oy- /D WIN32 /D _DEBUG /D _CONSOLE /D _UNICODE /D UNICODE /Gm /EHsc /RTC1 /MDd /GS /fp:precise /Zc:wchar_t /Zc:forScope /Fo"Debug\\" /Fd"Debug\vc110.pdb" /Gd /TP /analyze- /errorReport:prompt chain.cpp
         chain.cpp
     1>c:\users\maibenben\documents\visual studio 2012\projects\线性链表\线性链表\chain.cpp(277): warning C4996: 'getch': The POSIX name for this item is deprecated. Instead, use the ISO C++ conformant name: _getch. See online help for details.
                 d:\软件\vs2012\vc\include\conio.h(131) : 参见“getch”的声明
     1>c:\users\maibenben\documents\visual studio 2012\projects\线性链表\线性链表\chain.cpp(290): warning C4996: 'getch': The POSIX name for this item is deprecated. Instead, use the ISO C++ conformant name: _getch. See online help for details.
                 d:\软件\vs2012\vc\include\conio.h(131) : 参见“getch”的声明
     1>c:\users\maibenben\documents\visual studio 2012\projects\线性链表\线性链表\chain.cpp(295): warning C4996: 'getch': The POSIX name for this item is deprecated. Instead, use the ISO C++ conformant name: _getch. See online help for details.
                 d:\软件\vs2012\vc\include\conio.h(131) : 参见“getch”的声明
     1>c:\users\maibenben\documents\visual studio 2012\projects\线性链表\线性链表\chain.cpp(302): warning C4996: 'getch': The POSIX name for this item is deprecated. Instead, use the ISO C++ conformant name: _getch. See online help for details.
                 d:\软件\vs2012\vc\include\conio.h(131) : 参见“getch”的声明
     1>c:\users\maibenben\documents\visual studio 2012\projects\线性链表\线性链表\chain.cpp(312): warning C4996: 'getch': The POSIX name for this item is deprecated. Instead, use the ISO C++ conformant name: _getch. See online help for details.
                 d:\软件\vs2012\vc\include\conio.h(131) : 参见“getch”的声明
     1>c:\users\maibenben\documents\visual studio 2012\projects\线性链表\线性链表\chain.cpp(320): warning C4996: 'getch': The POSIX name for this item is deprecated. Instead, use the ISO C++ conformant name: _getch. See online help for details.
                 d:\软件\vs2012\vc\include\conio.h(131) : 参见“getch”的声明
     1>c:\users\maibenben\documents\visual studio 2012\projects\线性链表\线性链表\chain.cpp(328): warning C4996: 'getch': The POSIX name for this item is deprecated. Instead, use the ISO C++ conformant name: _getch. See online help for details.
                 d:\软件\vs2012\vc\include\conio.h(131) : 参见“getch”的声明
     1>c:\users\maibenben\documents\visual studio 2012\projects\线性链表\线性链表\chain.cpp(341): warning C4996: 'getch': The POSIX name for this item is deprecated. Instead, use the ISO C++ conformant name: _getch. See online help for details.
                 d:\软件\vs2012\vc\include\conio.h(131) : 参见“getch”的声明
     1>c:\users\maibenben\documents\visual studio 2012\projects\线性链表\线性链表\chain.cpp(346): warning C4996: 'getch': The POSIX name for this item is deprecated. Instead, use the ISO C++ conformant name: _getch. See online help for details.
                 d:\软件\vs2012\vc\include\conio.h(131) : 参见“getch”的声明
     1>c:\users\maibenben\documents\visual studio 2012\projects\线性链表\线性链表\chain.cpp(352): warning C4996: 'getch': The POSIX name for this item is deprecated. Instead, use the ISO C++ conformant name: _getch. See online help for details.
                 d:\软件\vs2012\vc\include\conio.h(131) : 参见“getch”的声明
     1>c:\users\maibenben\documents\visual studio 2012\projects\线性链表\线性链表\chain.cpp(90): warning C4715: “Chain::getplace”: 不是所有的控件路径都返回值
       Link:
         D:\软件\VS2012\VC\bin\link.exe /ERRORREPORT:PROMPT /OUT:"C:\Users\MAIBENBEN\documents\visual studio 2012\Projects\线性链表\Debug\线性链表.exe" /INCREMENTAL /NOLOGO kernel32.lib user32.lib gdi32.lib winspool.lib comdlg32.lib advapi32.lib shell32.lib ole32.lib oleaut32.lib uuid.lib odbc32.lib odbccp32.lib /MANIFEST /MANIFESTUAC:"level='asInvoker' uiAccess='false'" /manifest:embed /DEBUG /PDB:"C:\Users\MAIBENBEN\documents\visual studio 2012\Projects\线性链表\Debug\线性链表.pdb" /SUBSYSTEM:CONSOLE /TLBID:1 /DYNAMICBASE /NXCOMPAT /IMPLIB:"C:\Users\MAIBENBEN\documents\visual studio 2012\Projects\线性链表\Debug\线性链表.lib" /MACHINE:X86 Debug\chain.obj
         线性链表.vcxproj -> C:\Users\MAIBENBEN\documents\visual studio 2012\Projects\线性链表\Debug\线性链表.exe
     1>已完成生成项目“C:\Users\MAIBENBEN\documents\visual studio 2012\Projects\线性链表\线性链表\线性链表.vcxproj”(Build 个目标)的操作。

生成成功。

已用时间 00:00:00.85
