生成启动时间为 2018/10/14 12:03:31。
     1>项目“C:\Users\MAIBENBEN\documents\visual studio 2012\Projects\线性表作业\线性表作业\线性表作业.vcxproj”在节点 2 上(Build 个目标)。
     1>ClCompile:
         D:\软件\VS2012\VC\bin\CL.exe /c /ZI /nologo /W3 /WX- /Od /Oy- /D WIN32 /D _DEBUG /D _CONSOLE /D _UNICODE /D UNICODE /Gm /EHsc /RTC1 /MDd /GS /fp:precise /Zc:wchar_t /Zc:forScope /Fo"Debug\\" /Fd"Debug\vc110.pdb" /Gd /TP /analyze- /errorReport:prompt line.cpp
         line.cpp
     1>c:\users\maibenben\documents\visual studio 2012\projects\线性表作业\线性表作业\line.cpp(185): warning C4996: 'getch': The POSIX name for this item is deprecated. Instead, use the ISO C++ conformant name: _getch. See online help for details.
                 d:\软件\vs2012\vc\include\conio.h(131) : 参见“getch”的声明
     1>c:\users\maibenben\documents\visual studio 2012\projects\线性表作业\线性表作业\line.cpp(309): warning C4996: 'getch': The POSIX name for this item is deprecated. Instead, use the ISO C++ conformant name: _getch. See online help for details.
                 d:\软件\vs2012\vc\include\conio.h(131) : 参见“getch”的声明
     1>c:\users\maibenben\documents\visual studio 2012\projects\线性表作业\线性表作业\line.cpp(314): warning C4996: 'scanf': This function or variable may be unsafe. Consider using scanf_s instead. To disable deprecation, use _CRT_SECURE_NO_WARNINGS. See online help for details.
                 d:\软件\vs2012\vc\include\stdio.h(290) : 参见“scanf”的声明
     1>c:\users\maibenben\documents\visual studio 2012\projects\线性表作业\线性表作业\line.cpp(316): warning C4996: 'getch': The POSIX name for this item is deprecated. Instead, use the ISO C++ conformant name: _getch. See online help for details.
                 d:\软件\vs2012\vc\include\conio.h(131) : 参见“getch”的声明
     1>c:\users\maibenben\documents\visual studio 2012\projects\线性表作业\线性表作业\line.cpp(321): warning C4996: 'getch': The POSIX name for this item is deprecated. Instead, use the ISO C++ conformant name: _getch. See online help for details.
                 d:\软件\vs2012\vc\include\conio.h(131) : 参见“getch”的声明
     1>c:\users\maibenben\documents\visual studio 2012\projects\线性表作业\线性表作业\line.cpp(326): warning C4996: 'scanf': This function or variable may be unsafe. Consider using scanf_s instead. To disable deprecation, use _CRT_SECURE_NO_WARNINGS. See online help for details.
                 d:\软件\vs2012\vc\include\stdio.h(290) : 参见“scanf”的声明
     1>c:\users\maibenben\documents\visual studio 2012\projects\线性表作业\线性表作业\line.cpp(328): warning C4996: 'getch': The POSIX name for this item is deprecated. Instead, use the ISO C++ conformant name: _getch. See online help for details.
                 d:\软件\vs2012\vc\include\conio.h(131) : 参见“getch”的声明
     1>c:\users\maibenben\documents\visual studio 2012\projects\线性表作业\线性表作业\line.cpp(333): warning C4996: 'scanf': This function or variable may be unsafe. Consider using scanf_s instead. To disable deprecation, use _CRT_SECURE_NO_WARNINGS. See online help for details.
                 d:\软件\vs2012\vc\include\stdio.h(290) : 参见“scanf”的声明
     1>c:\users\maibenben\documents\visual studio 2012\projects\线性表作业\线性表作业\line.cpp(335): warning C4996: 'getch': The POSIX name for this item is deprecated. Instead, use the ISO C++ conformant name: _getch. See online help for details.
                 d:\软件\vs2012\vc\include\conio.h(131) : 参见“getch”的声明
     1>c:\users\maibenben\documents\visual studio 2012\projects\线性表作业\线性表作业\line.cpp(340): warning C4996: 'scanf': This function or variable may be unsafe. Consider using scanf_s instead. To disable deprecation, use _CRT_SECURE_NO_WARNINGS. See online help for details.
                 d:\软件\vs2012\vc\include\stdio.h(290) : 参见“scanf”的声明
     1>c:\users\maibenben\documents\visual studio 2012\projects\线性表作业\线性表作业\line.cpp(342): warning C4996: 'scanf': This function or variable may be unsafe. Consider using scanf_s instead. To disable deprecation, use _CRT_SECURE_NO_WARNINGS. See online help for details.
                 d:\软件\vs2012\vc\include\stdio.h(290) : 参见“scanf”的声明
     1>c:\users\maibenben\documents\visual studio 2012\projects\线性表作业\线性表作业\line.cpp(347): warning C4996: 'getch': The POSIX name for this item is deprecated. Instead, use the ISO C++ conformant name: _getch. See online help for details.
                 d:\软件\vs2012\vc\include\conio.h(131) : 参见“getch”的声明
     1>c:\users\maibenben\documents\visual studio 2012\projects\线性表作业\线性表作业\line.cpp(352): warning C4996: 'scanf': This function or variable may be unsafe. Consider using scanf_s instead. To disable deprecation, use _CRT_SECURE_NO_WARNINGS. See online help for details.
                 d:\软件\vs2012\vc\include\stdio.h(290) : 参见“scanf”的声明
     1>c:\users\maibenben\documents\visual studio 2012\projects\线性表作业\线性表作业\line.cpp(354): warning C4996: 'scanf': This function or variable may be unsafe. Consider using scanf_s instead. To disable deprecation, use _CRT_SECURE_NO_WARNINGS. See online help for details.
                 d:\软件\vs2012\vc\include\stdio.h(290) : 参见“scanf”的声明
     1>c:\users\maibenben\documents\visual studio 2012\projects\线性表作业\线性表作业\line.cpp(359): warning C4996: 'getch': The POSIX name for this item is deprecated. Instead, use the ISO C++ conformant name: _getch. See online help for details.
                 d:\软件\vs2012\vc\include\conio.h(131) : 参见“getch”的声明
     1>c:\users\maibenben\documents\visual studio 2012\projects\线性表作业\线性表作业\line.cpp(364): warning C4996: 'scanf': This function or variable may be unsafe. Consider using scanf_s instead. To disable deprecation, use _CRT_SECURE_NO_WARNINGS. See online help for details.
                 d:\软件\vs2012\vc\include\stdio.h(290) : 参见“scanf”的声明
     1>c:\users\maibenben\documents\visual studio 2012\projects\线性表作业\线性表作业\line.cpp(369): warning C4996: 'getch': The POSIX name for this item is deprecated. Instead, use the ISO C++ conformant name: _getch. See online help for details.
                 d:\软件\vs2012\vc\include\conio.h(131) : 参见“getch”的声明
     1>c:\users\maibenben\documents\visual studio 2012\projects\线性表作业\线性表作业\line.cpp(374): warning C4996: 'getch': The POSIX name for this item is deprecated. Instead, use the ISO C++ conformant name: _getch. See online help for details.
                 d:\软件\vs2012\vc\include\conio.h(131) : 参见“getch”的声明
     1>c:\users\maibenben\documents\visual studio 2012\projects\线性表作业\线性表作业\line.cpp(379): warning C4996: 'getch': The POSIX name for this item is deprecated. Instead, use the ISO C++ conformant name: _getch. See online help for details.
                 d:\软件\vs2012\vc\include\conio.h(131) : 参见“getch”的声明
     1>c:\users\maibenben\documents\visual studio 2012\projects\线性表作业\线性表作业\line.cpp(384): warning C4996: 'getch': The POSIX name for this item is deprecated. Instead, use the ISO C++ conformant name: _getch. See online help for details.
                 d:\软件\vs2012\vc\include\conio.h(131) : 参见“getch”的声明
     1>c:\users\maibenben\documents\visual studio 2012\projects\线性表作业\线性表作业\line.cpp(287): warning C4715: “Input”: 不是所有的控件路径都返回值
       Link:
         D:\软件\VS2012\VC\bin\link.exe /ERRORREPORT:PROMPT /OUT:"C:\Users\MAIBENBEN\documents\visual studio 2012\Projects\线性表作业\Debug\线性表作业.exe" /INCREMENTAL /NOLOGO kernel32.lib user32.lib gdi32.lib winspool.lib comdlg32.lib advapi32.lib shell32.lib ole32.lib oleaut32.lib uuid.lib odbc32.lib odbccp32.lib /MANIFEST /MANIFESTUAC:"level='asInvoker' uiAccess='false'" /manifest:embed /DEBUG /PDB:"C:\Users\MAIBENBEN\documents\visual studio 2012\Projects\线性表作业\Debug\线性表作业.pdb" /SUBSYSTEM:CONSOLE /TLBID:1 /DYNAMICBASE /NXCOMPAT /IMPLIB:"C:\Users\MAIBENBEN\documents\visual studio 2012\Projects\线性表作业\Debug\线性表作业.lib" /MACHINE:X86 Debug\line.obj
         线性表作业.vcxproj -> C:\Users\MAIBENBEN\documents\visual studio 2012\Projects\线性表作业\Debug\线性表作业.exe
     1>已完成生成项目“C:\Users\MAIBENBEN\documents\visual studio 2012\Projects\线性表作业\线性表作业\线性表作业.vcxproj”(Build 个目标)的操作。

生成成功。

已用时间 00:00:00.80
